* EvoSuite 1.1.1-SNAPSHOT
* Going to generate test cases for class: com.google.common.collect.LinkedListMultimap
* Starting Client-0
* Connecting to master process on port 4081
* Analyzing classpath: 
  - /var/benchmarks/projects/guava/guava/target/classes
  - /var/benchmarks/projects/guava/guava/target/guava-28.2-jre.jar
* Finished analyzing classpath
* Generating tests for class com.google.common.collect.LinkedListMultimap
* Test criteria:
  - Line Coverage
  - Branch Coverage
  - Exception
  - Mutation testing (weak)
  - Method-Output Coverage
  - Top-Level Method Coverage
  - No-Exception Top-Level Method Coverage
  - Context Branch Coverage
* Setting up DSE test suite generation
* Total number of test goals: 155
* Using seed 1613118887724
* Starting DSE
* Using DSE algorithm: GENERATIONAL_SEARCH
* With timeout: 35
* With target coverage: 100
* Symbolic arrays support enabled: true
* Symbolic arrays implementation selected: LAZY_VARIABLES
* Generating tests for entry method: create
* DSE test generation finished. Generated 1 test for method create.
* Generating tests for entry method: create
* Computation finished
