[MASTER] 08:35:01.592 [logback-2] ERROR JUnitAnalyzer - Compilation failed on compilation units: [RegularFileObject[/tmp/EvoSuite_0_1613118901161/com/google/common/base/Throwables_0_tmp__ESTest.java], RegularFileObject[/tmp/EvoSuite_0_1613118901161/com/google/common/base/Throwables_0_tmp__ESTest_scaffolding.java]]
[MASTER] 08:35:01.592 [logback-2] ERROR JUnitAnalyzer - Classpath: /var/benchmarks/projects/guava/guava/target/classes:/var/benchmarks/projects/guava/guava/target/guava-28.2-jre.jar:/home/evosuite/.:/home/evosuite/lib/evosuite-master-1.0.7-SNAPSHOT.jar:/home/evosuite/lib/runtool-1.0.jar:/var/benchmarks/projects/guava/guava/target/classes:/var/benchmarks/projects/guava/guava/target/guava-28.2-jre.jar
[MASTER] 08:35:01.592 [logback-2] ERROR JUnitAnalyzer - evosuiteCP: /home/evosuite/.:/home/evosuite/lib/evosuite-master-1.0.7-SNAPSHOT.jar:/home/evosuite/lib/runtool-1.0.jar:/var/benchmarks/projects/guava/guava/target/classes:/var/benchmarks/projects/guava/guava/target/guava-28.2-jre.jar
[MASTER] 08:35:01.595 [logback-2] ERROR JUnitAnalyzer - Diagnostic: method getCauseAs in class com.google.common.base.Throwables cannot be applied to given types;
  required: java.lang.Throwable,java.lang.Class<X>
  found: java.lang.Throwable,java.lang.Class<capture#1 of ?>
  reason: inference variable X has incompatible bounds
    equality constraints: capture#1 of ?
    upper bounds: java.lang.Throwable: 25
[MASTER] 08:35:01.596 [logback-2] ERROR JUnitAnalyzer - RegularFileObject[/tmp/EvoSuite_0_1613118901161/com/google/common/base/Throwables_0_tmp__ESTest.java]
1: /*
2:  * This file was automatically generated by EvoSuite
3:  * Fri Feb 12 08:35:01 GMT 2021
4:  */
5: 
6: package com.google.common.base;
7: 
8: import org.junit.Test;
9: import static org.junit.Assert.*;
10: import static org.evosuite.runtime.EvoAssertions.*;
11: import com.google.common.base.Throwables;
12: import org.evosuite.runtime.EvoRunner;
13: import org.evosuite.runtime.EvoRunnerParameters;
14: import org.junit.runner.RunWith;
15: 
16: @RunWith(EvoRunner.class) @EvoRunnerParameters(mockJVMNonDeterminism = true, useVFS = true, useVNET = true, resetStaticState = true) 
17: public class Throwables_0_tmp__ESTest extends Throwables_0_tmp__ESTest_scaffolding {
18: 
19:   @Test(timeout = 4000)
20:   public void test0()  throws Throwable  {
21:       Throwable throwable0 = null;
22:       Class class0 = null;
23:       // Undeclared exception!
24:       try { 
25:         Throwables.getCauseAs(throwable0, (Class<?>) class0);
26:         fail("Expecting exception: NullPointerException");
27:       
28:       } catch(NullPointerException e) {
29:          //
30:          // no message in exception (getMessage() returned null)
31:          //
32:          verifyException("com.google.common.base.Throwables", e);
33:       }
34:   }
35: }
RegularFileObject[/tmp/EvoSuite_0_1613118901161/com/google/common/base/Throwables_0_tmp__ESTest.java]
1: /**
2:  * Scaffolding file used to store all the setups needed to run 
3:  * tests automatically generated by EvoSuite
4:  * Fri Feb 12 08:35:01 GMT 2021
5:  */
6: 
7: package com.google.common.base;
8: 
9: import org.evosuite.runtime.annotation.EvoSuiteClassExclude;
10: import org.junit.BeforeClass;
11: import org.junit.Before;
12: import org.junit.After;
13: import org.junit.AfterClass;
14: import org.evosuite.runtime.sandbox.Sandbox;
15: import org.evosuite.runtime.sandbox.Sandbox.SandboxMode;
16: 
17: @EvoSuiteClassExclude
18: public class Throwables_0_tmp__ESTest_scaffolding {
19: 
20:   @org.junit.Rule 
21:   public org.evosuite.runtime.vnet.NonFunctionalRequirementRule nfr = new org.evosuite.runtime.vnet.NonFunctionalRequirementRule();
22: 
23:   private static final java.util.Properties defaultProperties = (java.util.Properties) java.lang.System.getProperties().clone(); 
24: 
25:   private org.evosuite.runtime.thread.ThreadStopper threadStopper =  new org.evosuite.runtime.thread.ThreadStopper (org.evosuite.runtime.thread.KillSwitchHandler.getInstance(), 3000);
26: 
27: 
28:   @BeforeClass 
29:   public static void initEvoSuiteFramework() { 
30:     org.evosuite.runtime.RuntimeSettings.className = "com.google.common.base.Throwables"; 
31:     org.evosuite.runtime.GuiSupport.initialize(); 
32:     org.evosuite.runtime.RuntimeSettings.maxNumberOfThreads = 100; 
33:     org.evosuite.runtime.RuntimeSettings.maxNumberOfIterationsPerLoop = 10000; 
34:     org.evosuite.runtime.RuntimeSettings.mockSystemIn = true; 
35:     org.evosuite.runtime.RuntimeSettings.sandboxMode = org.evosuite.runtime.sandbox.Sandbox.SandboxMode.RECOMMENDED; 
36:     org.evosuite.runtime.sandbox.Sandbox.initializeSecurityManagerForSUT(); 
37:     org.evosuite.runtime.classhandling.JDKClassResetter.init();
38:     setSystemProperties();
39:     initializeClasses();
40:     org.evosuite.runtime.Runtime.getInstance().resetRuntime(); 
41:   } 
42: 
43:   @AfterClass 
44:   public static void clearEvoSuiteFramework(){ 
45:     Sandbox.resetDefaultSecurityManager(); 
46:     java.lang.System.setProperties((java.util.Properties) defaultProperties.clone()); 
47:   } 
48: 
49:   @Before 
50:   public void initTestCase(){ 
51:     threadStopper.storeCurrentThreads();
52:     threadStopper.startRecordingTime();
53:     org.evosuite.runtime.jvm.ShutdownHookHandler.getInstance().initHandler(); 
54:     org.evosuite.runtime.sandbox.Sandbox.goingToExecuteSUTCode(); 
55:     setSystemProperties(); 
56:     org.evosuite.runtime.GuiSupport.setHeadless(); 
57:     org.evosuite.runtime.Runtime.getInstance().resetRuntime(); 
58:     org.evosuite.runtime.agent.InstrumentingAgent.activate(); 
59:   } 
60: 
61:   @After 
62:   public void doneWithTestCase(){ 
63:     threadStopper.killAndJoinClientThreads();
64:     org.evosuite.runtime.jvm.ShutdownHookHandler.getInstance().safeExecuteAddedHooks(); 
65:     org.evosuite.runtime.classhandling.JDKClassResetter.reset(); 
66:     resetClasses(); 
67:     org.evosuite.runtime.sandbox.Sandbox.doneWithExecutingSUTCode(); 
68:     org.evosuite.runtime.agent.InstrumentingAgent.deactivate(); 
69:     org.evosuite.runtime.GuiSupport.restoreHeadlessMode(); 
70:   } 
71: 
72:   public static void setSystemProperties() {
73:  
74:     java.lang.System.setProperties((java.util.Properties) defaultProperties.clone()); 
75:     java.lang.System.setProperty("user.dir", "/home/evosuite"); 
76:     java.lang.System.setProperty("java.io.tmpdir", "/tmp"); 
77:   }
78: 
79:   private static void initializeClasses() {
80:     org.evosuite.runtime.classhandling.ClassStateSupport.initializeClasses(Throwables_0_tmp__ESTest_scaffolding.class.getClassLoader() ,
81:       "com.google.common.base.Throwables",
82:       "com.google.common.base.Preconditions"
83:     );
84:   } 
85: 
86:   private static void resetClasses() {
87:     org.evosuite.runtime.classhandling.ClassResetter.getInstance().setClassLoader(Throwables_0_tmp__ESTest_scaffolding.class.getClassLoader()); 
88: 
89:     org.evosuite.runtime.classhandling.ClassStateSupport.resetClasses(
90:       "com.google.common.base.Throwables",
91:       "com.google.common.base.Throwables$1",
92:       "com.google.common.base.Preconditions"
93:     );
94:   }
95: }

[MASTER] 08:35:01.596 [logback-2] ERROR JUnitAnalyzer - Failed to compile test case:
Throwable throwable0 = null;
Class class0 = null;
Throwables.getCauseAs(throwable0, (Class<?>) class0);

[MASTER] 08:35:01.805 [logback-2] ERROR JUnitAnalyzer - Compilation failed on compilation units: [RegularFileObject[/tmp/EvoSuite_3_1613118901730/com/google/common/base/Throwables_3_tmp__ESTest.java], RegularFileObject[/tmp/EvoSuite_3_1613118901730/com/google/common/base/Throwables_3_tmp__ESTest_scaffolding.java]]
[MASTER] 08:35:01.805 [logback-2] ERROR JUnitAnalyzer - Classpath: /var/benchmarks/projects/guava/guava/target/classes:/var/benchmarks/projects/guava/guava/target/guava-28.2-jre.jar:/home/evosuite/.:/home/evosuite/lib/evosuite-master-1.0.7-SNAPSHOT.jar:/home/evosuite/lib/runtool-1.0.jar:/var/benchmarks/projects/guava/guava/target/classes:/var/benchmarks/projects/guava/guava/target/guava-28.2-jre.jar
[MASTER] 08:35:01.805 [logback-2] ERROR JUnitAnalyzer - evosuiteCP: /home/evosuite/.:/home/evosuite/lib/evosuite-master-1.0.7-SNAPSHOT.jar:/home/evosuite/lib/runtool-1.0.jar:/var/benchmarks/projects/guava/guava/target/classes:/var/benchmarks/projects/guava/guava/target/guava-28.2-jre.jar
[MASTER] 08:35:01.806 [logback-2] ERROR JUnitAnalyzer - Diagnostic: no suitable method found for propagateIfPossible(java.lang.Throwable,java.lang.Class<capture#1 of ?>,java.lang.Class<capture#2 of ?>)
    method com.google.common.base.Throwables.<X>propagateIfPossible(java.lang.Throwable,java.lang.Class<X>) is not applicable
      (cannot infer type-variable(s) X
        (actual and formal argument lists differ in length))
    method com.google.common.base.Throwables.<X1,X2>propagateIfPossible(java.lang.Throwable,java.lang.Class<X1>,java.lang.Class<X2>) is not applicable
      (inference variable X1 has incompatible bounds
        equality constraints: capture#1 of ?
        upper bounds: java.lang.Throwable): 24
[MASTER] 08:35:01.806 [logback-2] ERROR JUnitAnalyzer - Diagnostic: Some messages have been simplified; recompile with -Xdiags:verbose to get full output: -1
[MASTER] 08:35:01.806 [logback-2] ERROR JUnitAnalyzer - RegularFileObject[/tmp/EvoSuite_3_1613118901730/com/google/common/base/Throwables_3_tmp__ESTest.java]
1: /*
2:  * This file was automatically generated by EvoSuite
3:  * Fri Feb 12 08:35:01 GMT 2021
4:  */
5: 
6: package com.google.common.base;
7: 
8: import org.junit.Test;
9: import static org.junit.Assert.*;
10: import static org.evosuite.runtime.EvoAssertions.*;
11: import com.google.common.base.Throwables;
12: import org.evosuite.runtime.EvoRunner;
13: import org.evosuite.runtime.EvoRunnerParameters;
14: import org.junit.runner.RunWith;
15: 
16: @RunWith(EvoRunner.class) @EvoRunnerParameters(mockJVMNonDeterminism = true, useVFS = true, useVNET = true, resetStaticState = true) 
17: public class Throwables_3_tmp__ESTest extends Throwables_3_tmp__ESTest_scaffolding {
18: 
19:   @Test(timeout = 4000)
20:   public void test0()  throws Throwable  {
21:       Throwable throwable0 = null;
22:       Class class0 = null;
23:       try { 
24:         Throwables.propagateIfPossible(throwable0, (Class<?>) class0, (Class<?>) class0);
25:         fail("Expecting exception: NullPointerException");
26:       
27:       } catch(NullPointerException e) {
28:          //
29:          // no message in exception (getMessage() returned null)
30:          //
31:          verifyException("com.google.common.base.Preconditions", e);
32:       }
33:   }
34: }
RegularFileObject[/tmp/EvoSuite_3_1613118901730/com/google/common/base/Throwables_3_tmp__ESTest.java]
1: /**
2:  * Scaffolding file used to store all the setups needed to run 
3:  * tests automatically generated by EvoSuite
4:  * Fri Feb 12 08:35:01 GMT 2021
5:  */
6: 
7: package com.google.common.base;
8: 
9: import org.evosuite.runtime.annotation.EvoSuiteClassExclude;
10: import org.junit.BeforeClass;
11: import org.junit.Before;
12: import org.junit.After;
13: import org.junit.AfterClass;
14: import org.evosuite.runtime.sandbox.Sandbox;
15: import org.evosuite.runtime.sandbox.Sandbox.SandboxMode;
16: 
17: @EvoSuiteClassExclude
18: public class Throwables_3_tmp__ESTest_scaffolding {
19: 
20:   @org.junit.Rule 
21:   public org.evosuite.runtime.vnet.NonFunctionalRequirementRule nfr = new org.evosuite.runtime.vnet.NonFunctionalRequirementRule();
22: 
23:   private static final java.util.Properties defaultProperties = (java.util.Properties) java.lang.System.getProperties().clone(); 
24: 
25:   private org.evosuite.runtime.thread.ThreadStopper threadStopper =  new org.evosuite.runtime.thread.ThreadStopper (org.evosuite.runtime.thread.KillSwitchHandler.getInstance(), 3000);
26: 
27: 
28:   @BeforeClass 
29:   public static void initEvoSuiteFramework() { 
30:     org.evosuite.runtime.RuntimeSettings.className = "com.google.common.base.Throwables"; 
31:     org.evosuite.runtime.GuiSupport.initialize(); 
32:     org.evosuite.runtime.RuntimeSettings.maxNumberOfThreads = 100; 
33:     org.evosuite.runtime.RuntimeSettings.maxNumberOfIterationsPerLoop = 10000; 
34:     org.evosuite.runtime.RuntimeSettings.mockSystemIn = true; 
35:     org.evosuite.runtime.RuntimeSettings.sandboxMode = org.evosuite.runtime.sandbox.Sandbox.SandboxMode.RECOMMENDED; 
36:     org.evosuite.runtime.sandbox.Sandbox.initializeSecurityManagerForSUT(); 
37:     org.evosuite.runtime.classhandling.JDKClassResetter.init();
38:     setSystemProperties();
39:     initializeClasses();
40:     org.evosuite.runtime.Runtime.getInstance().resetRuntime(); 
41:   } 
42: 
43:   @AfterClass 
44:   public static void clearEvoSuiteFramework(){ 
45:     Sandbox.resetDefaultSecurityManager(); 
46:     java.lang.System.setProperties((java.util.Properties) defaultProperties.clone()); 
47:   } 
48: 
49:   @Before 
50:   public void initTestCase(){ 
51:     threadStopper.storeCurrentThreads();
52:     threadStopper.startRecordingTime();
53:     org.evosuite.runtime.jvm.ShutdownHookHandler.getInstance().initHandler(); 
54:     org.evosuite.runtime.sandbox.Sandbox.goingToExecuteSUTCode(); 
55:     setSystemProperties(); 
56:     org.evosuite.runtime.GuiSupport.setHeadless(); 
57:     org.evosuite.runtime.Runtime.getInstance().resetRuntime(); 
58:     org.evosuite.runtime.agent.InstrumentingAgent.activate(); 
59:   } 
60: 
61:   @After 
62:   public void doneWithTestCase(){ 
63:     threadStopper.killAndJoinClientThreads();
64:     org.evosuite.runtime.jvm.ShutdownHookHandler.getInstance().safeExecuteAddedHooks(); 
65:     org.evosuite.runtime.classhandling.JDKClassResetter.reset(); 
66:     resetClasses(); 
67:     org.evosuite.runtime.sandbox.Sandbox.doneWithExecutingSUTCode(); 
68:     org.evosuite.runtime.agent.InstrumentingAgent.deactivate(); 
69:     org.evosuite.runtime.GuiSupport.restoreHeadlessMode(); 
70:   } 
71: 
72:   public static void setSystemProperties() {
73:  
74:     java.lang.System.setProperties((java.util.Properties) defaultProperties.clone()); 
75:     java.lang.System.setProperty("user.dir", "/home/evosuite"); 
76:     java.lang.System.setProperty("java.io.tmpdir", "/tmp"); 
77:   }
78: 
79:   private static void initializeClasses() {
80:     org.evosuite.runtime.classhandling.ClassStateSupport.initializeClasses(Throwables_3_tmp__ESTest_scaffolding.class.getClassLoader() ,
81:       "com.google.common.base.Throwables",
82:       "com.google.common.base.Preconditions"
83:     );
84:   } 
85: 
86:   private static void resetClasses() {
87:     org.evosuite.runtime.classhandling.ClassResetter.getInstance().setClassLoader(Throwables_3_tmp__ESTest_scaffolding.class.getClassLoader()); 
88: 
89:     org.evosuite.runtime.classhandling.ClassStateSupport.resetClasses(
90:       "com.google.common.base.Throwables",
91:       "com.google.common.base.Throwables$1",
92:       "com.google.common.base.Preconditions"
93:     );
94:   }
95: }

[MASTER] 08:35:01.806 [logback-2] ERROR JUnitAnalyzer - Failed to compile test case:
Throwable throwable0 = null;
Class class0 = null;
Throwables.propagateIfPossible(throwable0, (Class<?>) class0, (Class<?>) class0);

[MASTER] 08:35:01.882 [logback-2] ERROR JUnitAnalyzer - Compilation failed on compilation units: [RegularFileObject[/tmp/EvoSuite_5_1613118901849/com/google/common/base/Throwables_5_tmp__ESTest.java], RegularFileObject[/tmp/EvoSuite_5_1613118901849/com/google/common/base/Throwables_5_tmp__ESTest_scaffolding.java]]
[MASTER] 08:35:01.882 [logback-2] ERROR JUnitAnalyzer - Classpath: /var/benchmarks/projects/guava/guava/target/classes:/var/benchmarks/projects/guava/guava/target/guava-28.2-jre.jar:/home/evosuite/.:/home/evosuite/lib/evosuite-master-1.0.7-SNAPSHOT.jar:/home/evosuite/lib/runtool-1.0.jar:/var/benchmarks/projects/guava/guava/target/classes:/var/benchmarks/projects/guava/guava/target/guava-28.2-jre.jar
[MASTER] 08:35:01.882 [logback-2] ERROR JUnitAnalyzer - evosuiteCP: /home/evosuite/.:/home/evosuite/lib/evosuite-master-1.0.7-SNAPSHOT.jar:/home/evosuite/lib/runtool-1.0.jar:/var/benchmarks/projects/guava/guava/target/classes:/var/benchmarks/projects/guava/guava/target/guava-28.2-jre.jar
[MASTER] 08:35:01.883 [logback-2] ERROR JUnitAnalyzer - Diagnostic: no suitable method found for propagateIfPossible(java.lang.Throwable,java.lang.Class<capture#1 of ?>)
    method com.google.common.base.Throwables.<X>propagateIfPossible(java.lang.Throwable,java.lang.Class<X>) is not applicable
      (inference variable X has incompatible bounds
        equality constraints: capture#1 of ?
        upper bounds: java.lang.Throwable)
    method com.google.common.base.Throwables.<X1,X2>propagateIfPossible(java.lang.Throwable,java.lang.Class<X1>,java.lang.Class<X2>) is not applicable
      (cannot infer type-variable(s) X1,X2
        (actual and formal argument lists differ in length)): 22
[MASTER] 08:35:01.883 [logback-2] ERROR JUnitAnalyzer - Diagnostic: Some messages have been simplified; recompile with -Xdiags:verbose to get full output: -1
[MASTER] 08:35:01.883 [logback-2] ERROR JUnitAnalyzer - RegularFileObject[/tmp/EvoSuite_5_1613118901849/com/google/common/base/Throwables_5_tmp__ESTest.java]
1: /*
2:  * This file was automatically generated by EvoSuite
3:  * Fri Feb 12 08:35:01 GMT 2021
4:  */
5: 
6: package com.google.common.base;
7: 
8: import org.junit.Test;
9: import static org.junit.Assert.*;
10: import com.google.common.base.Throwables;
11: import org.evosuite.runtime.EvoRunner;
12: import org.evosuite.runtime.EvoRunnerParameters;
13: import org.junit.runner.RunWith;
14: 
15: @RunWith(EvoRunner.class) @EvoRunnerParameters(mockJVMNonDeterminism = true, useVFS = true, useVNET = true, resetStaticState = true) 
16: public class Throwables_5_tmp__ESTest extends Throwables_5_tmp__ESTest_scaffolding {
17: 
18:   @Test(timeout = 4000)
19:   public void test0()  throws Throwable  {
20:       Throwable throwable0 = null;
21:       Class class0 = null;
22:       Throwables.propagateIfPossible(throwable0, (Class<?>) class0);
23:   }
24: }
RegularFileObject[/tmp/EvoSuite_5_1613118901849/com/google/common/base/Throwables_5_tmp__ESTest.java]
1: /**
2:  * Scaffolding file used to store all the setups needed to run 
3:  * tests automatically generated by EvoSuite
4:  * Fri Feb 12 08:35:01 GMT 2021
5:  */
6: 
7: package com.google.common.base;
8: 
9: import org.evosuite.runtime.annotation.EvoSuiteClassExclude;
10: import org.junit.BeforeClass;
11: import org.junit.Before;
12: import org.junit.After;
13: import org.junit.AfterClass;
14: import org.evosuite.runtime.sandbox.Sandbox;
15: import org.evosuite.runtime.sandbox.Sandbox.SandboxMode;
16: 
17: @EvoSuiteClassExclude
18: public class Throwables_5_tmp__ESTest_scaffolding {
19: 
20:   @org.junit.Rule 
21:   public org.evosuite.runtime.vnet.NonFunctionalRequirementRule nfr = new org.evosuite.runtime.vnet.NonFunctionalRequirementRule();
22: 
23:   private static final java.util.Properties defaultProperties = (java.util.Properties) java.lang.System.getProperties().clone(); 
24: 
25:   private org.evosuite.runtime.thread.ThreadStopper threadStopper =  new org.evosuite.runtime.thread.ThreadStopper (org.evosuite.runtime.thread.KillSwitchHandler.getInstance(), 3000);
26: 
27: 
28:   @BeforeClass 
29:   public static void initEvoSuiteFramework() { 
30:     org.evosuite.runtime.RuntimeSettings.className = "com.google.common.base.Throwables"; 
31:     org.evosuite.runtime.GuiSupport.initialize(); 
32:     org.evosuite.runtime.RuntimeSettings.maxNumberOfThreads = 100; 
33:     org.evosuite.runtime.RuntimeSettings.maxNumberOfIterationsPerLoop = 10000; 
34:     org.evosuite.runtime.RuntimeSettings.mockSystemIn = true; 
35:     org.evosuite.runtime.RuntimeSettings.sandboxMode = org.evosuite.runtime.sandbox.Sandbox.SandboxMode.RECOMMENDED; 
36:     org.evosuite.runtime.sandbox.Sandbox.initializeSecurityManagerForSUT(); 
37:     org.evosuite.runtime.classhandling.JDKClassResetter.init();
38:     setSystemProperties();
39:     initializeClasses();
40:     org.evosuite.runtime.Runtime.getInstance().resetRuntime(); 
41:   } 
42: 
43:   @AfterClass 
44:   public static void clearEvoSuiteFramework(){ 
45:     Sandbox.resetDefaultSecurityManager(); 
46:     java.lang.System.setProperties((java.util.Properties) defaultProperties.clone()); 
47:   } 
48: 
49:   @Before 
50:   public void initTestCase(){ 
51:     threadStopper.storeCurrentThreads();
52:     threadStopper.startRecordingTime();
53:     org.evosuite.runtime.jvm.ShutdownHookHandler.getInstance().initHandler(); 
54:     org.evosuite.runtime.sandbox.Sandbox.goingToExecuteSUTCode(); 
55:     setSystemProperties(); 
56:     org.evosuite.runtime.GuiSupport.setHeadless(); 
57:     org.evosuite.runtime.Runtime.getInstance().resetRuntime(); 
58:     org.evosuite.runtime.agent.InstrumentingAgent.activate(); 
59:   } 
60: 
61:   @After 
62:   public void doneWithTestCase(){ 
63:     threadStopper.killAndJoinClientThreads();
64:     org.evosuite.runtime.jvm.ShutdownHookHandler.getInstance().safeExecuteAddedHooks(); 
65:     org.evosuite.runtime.classhandling.JDKClassResetter.reset(); 
66:     resetClasses(); 
67:     org.evosuite.runtime.sandbox.Sandbox.doneWithExecutingSUTCode(); 
68:     org.evosuite.runtime.agent.InstrumentingAgent.deactivate(); 
69:     org.evosuite.runtime.GuiSupport.restoreHeadlessMode(); 
70:   } 
71: 
72:   public static void setSystemProperties() {
73:  
74:     java.lang.System.setProperties((java.util.Properties) defaultProperties.clone()); 
75:     java.lang.System.setProperty("user.dir", "/home/evosuite"); 
76:     java.lang.System.setProperty("java.io.tmpdir", "/tmp"); 
77:   }
78: 
79:   private static void initializeClasses() {
80:     org.evosuite.runtime.classhandling.ClassStateSupport.initializeClasses(Throwables_5_tmp__ESTest_scaffolding.class.getClassLoader() ,
81:       "com.google.common.base.Throwables",
82:       "com.google.common.base.Preconditions"
83:     );
84:   } 
85: 
86:   private static void resetClasses() {
87:     org.evosuite.runtime.classhandling.ClassResetter.getInstance().setClassLoader(Throwables_5_tmp__ESTest_scaffolding.class.getClassLoader()); 
88: 
89:     org.evosuite.runtime.classhandling.ClassStateSupport.resetClasses(
90:       "com.google.common.base.Throwables",
91:       "com.google.common.base.Throwables$1",
92:       "com.google.common.base.Preconditions"
93:     );
94:   }
95: }

[MASTER] 08:35:01.884 [logback-2] ERROR JUnitAnalyzer - Failed to compile test case:
Throwable throwable0 = null;
Class class0 = null;
Throwables.propagateIfPossible(throwable0, (Class<?>) class0);

