* EvoSuite 1.1.1-SNAPSHOT
* Going to generate test cases for class: com.alibaba.fescar.core.service.ServiceManagerStaticConfigImpl
* Starting Client-0
* Connecting to master process on port 9471
* Analyzing classpath: 
  - /var/benchmarks/projects/fescar/core/target/classes
  - /var/benchmarks/projects/fescar/core/target/fescar-core-0.1.0-SNAPSHOT.jar
  - /var/benchmarks/projects/fescar/core/target/dependency/config-1.2.1.jar
  - /var/benchmarks/projects/fescar/core/target/dependency/slf4j-api-1.7.22.jar
  - /var/benchmarks/projects/fescar/core/target/dependency/logback-classic-1.1.6.jar
  - /var/benchmarks/projects/fescar/core/target/dependency/netty-transport-native-unix-common-4.1.24.Final.jar
  - /var/benchmarks/projects/fescar/core/target/dependency/netty-resolver-4.1.24.Final.jar
  - /var/benchmarks/projects/fescar/core/target/dependency/junit-4.12.jar
  - /var/benchmarks/projects/fescar/core/target/dependency/commons-pool-1.6.jar
  - /var/benchmarks/projects/fescar/core/target/dependency/netty-buffer-4.1.24.Final.jar
  - /var/benchmarks/projects/fescar/core/target/dependency/netty-transport-native-epoll-4.1.24.Final-linux-x86_64.jar
  - /var/benchmarks/projects/fescar/core/target/dependency/netty-all-4.1.24.Final.jar
  - /var/benchmarks/projects/fescar/core/target/dependency/hamcrest-core-1.3.jar
  - /var/benchmarks/projects/fescar/core/target/dependency/netty-transport-native-kqueue-4.1.24.Final-osx-x86_64.jar
  - /var/benchmarks/projects/fescar/core/target/dependency/fescar-config-0.1.0-SNAPSHOT.jar
  - /var/benchmarks/projects/fescar/core/target/dependency/logback-core-1.1.6.jar
  - /var/benchmarks/projects/fescar/core/target/dependency/commons-lang-2.6.jar
  - /var/benchmarks/projects/fescar/core/target/dependency/fescar-common-0.1.0-SNAPSHOT.jar
  - /var/benchmarks/projects/fescar/core/target/dependency/fastjson-1.2.48.jar
  - /var/benchmarks/projects/fescar/core/target/dependency/netty-common-4.1.24.Final.jar
  - /var/benchmarks/projects/fescar/core/target/dependency/netty-transport-4.1.24.Final.jar
  - /var/benchmarks/projects/fescar/core/target/dependency/commons-pool2-2.4.2.jar
* Finished analyzing classpath
* Generating tests for class com.alibaba.fescar.core.service.ServiceManagerStaticConfigImpl
* Test criteria:
  - Line Coverage
  - Branch Coverage
  - Exception
  - Mutation testing (weak)
  - Method-Output Coverage
  - Top-Level Method Coverage
  - No-Exception Top-Level Method Coverage
  - Context Branch Coverage
* Setting up DSE test suite generation
* Total number of test goals: 14
* Using seed 1613119070123
* Starting DSE
* Using DSE algorithm: GENERATIONAL_SEARCH
* With timeout: 35
* With target coverage: 100
* Symbolic arrays support enabled: true
* Symbolic arrays implementation selected: LAZY_VARIABLES
* Search finished after 1s, fitness: 0.0 and coverage: 0.0
* Minimizing test suite
* Generated 0 tests with total length 0
* Resulting test suite's coverage: 0%
* Generating assertions
* Compiling and checking tests
* Writing tests to file
* Writing JUnit test case 'ServiceManagerStaticConfigImpl_ESTest' to temp/testcases
* Done!

* Computation finished
