* EvoSuite 1.1.1-SNAPSHOT
* Going to generate test cases for class: com.google.common.graph.Graphs
* Starting Client-0
* Connecting to master process on port 21712
* Analyzing classpath: 
  - /var/benchmarks/projects/guava/guava/target/classes
  - /var/benchmarks/projects/guava/guava/target/guava-28.2-jre.jar
* Finished analyzing classpath
* Generating tests for class com.google.common.graph.Graphs
* Test criteria:
  - Line Coverage
  - Branch Coverage
  - Exception
  - Mutation testing (weak)
  - Method-Output Coverage
  - Top-Level Method Coverage
  - No-Exception Top-Level Method Coverage
  - Context Branch Coverage
* Setting up DSE test suite generation
* Total number of test goals: 161
* Using seed 1613118861797
* Starting DSE
* Using DSE algorithm: GENERATIONAL_SEARCH
* With timeout: 35
* With target coverage: 100
* Symbolic arrays support enabled: true
* Symbolic arrays implementation selected: LAZY_VARIABLES
* Generating tests for entry method: hasCycle
* DSE test generation finished. Generated 1 test for method hasCycle.
* Generating tests for entry method: hasCycle
* DSE test generation finished. Generated 1 test for method hasCycle.
* Generating tests for entry method: transitiveClosure
* DSE test generation finished. Generated 1 test for method transitiveClosure.
* Generating tests for entry method: transpose
* DSE test generation finished. Generated 1 test for method transpose.
* Generating tests for entry method: copyOf
* DSE test generation finished. Generated 1 test for method copyOf.
* Generating tests for entry method: inducedSubgraph
* Computation finished
