* EvoSuite 1.1.1-SNAPSHOT
* Going to generate test cases for class: com.google.thirdparty.publicsuffix.PublicSuffixType
* Starting Client-0
* Connecting to master process on port 2145
* Analyzing classpath: 
  - /var/benchmarks/projects/guava/guava/target/classes
  - /var/benchmarks/projects/guava/guava/target/guava-28.2-jre.jar
* Finished analyzing classpath
* Generating tests for class com.google.thirdparty.publicsuffix.PublicSuffixType
* Test criteria:
  - Line Coverage
  - Branch Coverage
  - Exception
  - Mutation testing (weak)
  - Method-Output Coverage
  - Top-Level Method Coverage
  - No-Exception Top-Level Method Coverage
  - Context Branch Coverage
* Setting up DSE test suite generation
* Total number of test goals: 11
* Using seed 1613118990876
* Starting DSE
* Using DSE algorithm: GENERATIONAL_SEARCH
* With timeout: 35
* With target coverage: 100
* Symbolic arrays support enabled: true
* Symbolic arrays implementation selected: LAZY_VARIABLES
* Generating tests for entry method: valueOf
* DSE test generation finished. Generated 1 test for method valueOf.
* Generating tests for entry method: values
* DSE test generation finished. Generated 1 test for method values.
* Generating tests for entry method: fromCode
* DSE test generation finished. Generated 5 test for method fromCode.
* Generating tests for entry method: fromIsPrivate
* DSE test generation finished. Generated 2 test for method fromIsPrivate.
* Search finished after 0s, fitness: 13.0 and coverage: 0.0
* Minimizing test suite
* Generated 0 tests with total length 0
* Resulting test suite's coverage: 0%
* Generating assertions
* Compiling and checking tests
* Writing tests to file
* Writing JUnit test case 'PublicSuffixType_ESTest' to temp/testcases
* Done!

* Computation finished
