* EvoSuite 1.1.1-SNAPSHOT
* Going to generate test cases for class: com.google.common.io.Closeables
* Starting Client-0
* Connecting to master process on port 19177
* Analyzing classpath: 
  - /var/benchmarks/projects/guava/guava/target/classes
  - /var/benchmarks/projects/guava/guava/target/guava-28.2-jre.jar
* Finished analyzing classpath
* Generating tests for class com.google.common.io.Closeables
* Test criteria:
  - Line Coverage
  - Branch Coverage
  - Exception
  - Mutation testing (weak)
  - Method-Output Coverage
  - Top-Level Method Coverage
  - No-Exception Top-Level Method Coverage
  - Context Branch Coverage
* Setting up DSE test suite generation
* Total number of test goals: 7
* Using seed 1613118995225
* Starting DSE
* Using DSE algorithm: GENERATIONAL_SEARCH
* With timeout: 35
* With target coverage: 100
* Symbolic arrays support enabled: true
* Symbolic arrays implementation selected: LAZY_VARIABLES
* Generating tests for entry method: close
* DSE test generation finished. Generated 1 test for method close.
* Generating tests for entry method: closeQuietly
* DSE test generation finished. Generated 1 test for method closeQuietly.
* Generating tests for entry method: closeQuietly
* DSE test generation finished. Generated 1 test for method closeQuietly.
* Search finished after 0s, fitness: 3.5 and coverage: 0.42857142857142855
* Minimizing test suite
* Generated 2 tests with total length 4
* Resulting test suite's coverage: 43%
* Generating assertions
* Compiling and checking tests
* Writing tests to file
* Writing JUnit test case 'Closeables_ESTest' to temp/testcases
* Done!

* Computation finished
