[MASTER] 08:34:30.116 [logback-2] ERROR ClientNodeImpl - Error when generating tests for: com.google.common.collect.TreeMultiset with seed 1613118866557. Configuration id : null
java.lang.RuntimeException: not supported: class org.evosuite.utils.generic.WildcardTypeImpl
	at com.googlecode.gentyref.GenericTypeReflector.erase(GenericTypeReflector.java:44)
	at org.evosuite.testcase.TestCodeVisitor.getTypeParameterName(TestCodeVisitor.java:249)
	at org.evosuite.testcase.TestCodeVisitor.getTypeName(TestCodeVisitor.java:196)
	at org.evosuite.testcase.TestCodeVisitor.getTypeName(TestCodeVisitor.java:208)
	at org.evosuite.testcase.TestCodeVisitor.getParameterString(TestCodeVisitor.java:1141)
	at org.evosuite.testcase.TestCodeVisitor.visitMethodStatement(TestCodeVisitor.java:1427)
	at org.evosuite.testcase.TestVisitor.visitStatement(TestVisitor.java:145)
	at org.evosuite.testcase.TestCodeVisitor.visitStatement(TestCodeVisitor.java:1849)
	at org.evosuite.testcase.statements.AbstractStatement.getCode(AbstractStatement.java:255)
	at org.evosuite.testcase.statements.AbstractStatement.getCode(AbstractStatement.java:247)
	at org.evosuite.testcase.DefaultTestCase.accept(DefaultTestCase.java:112)
	at org.evosuite.testcase.DefaultTestCase.toCode(DefaultTestCase.java:1152)
	at org.evosuite.symbolic.dse.algorithm.ExplorationAlgorithm.executeTestCaseConcolically(ExplorationAlgorithm.java:521)
	at org.evosuite.symbolic.dse.algorithm.ExplorationAlgorithm.explore(ExplorationAlgorithm.java:271)
	at org.evosuite.symbolic.dse.algorithm.ExplorationAlgorithm.explore(ExplorationAlgorithm.java:230)
	at org.evosuite.symbolic.dse.DSEStrategy.generateTests(DSEStrategy.java:109)
	at org.evosuite.TestSuiteGenerator.generateTests(TestSuiteGenerator.java:642)
	at org.evosuite.TestSuiteGenerator.generateTestSuite(TestSuiteGenerator.java:220)
	at org.evosuite.rmi.service.ClientNodeImpl.lambda$startNewSearch$0(ClientNodeImpl.java:150)
	at java.util.concurrent.Executors$RunnableAdapter.call(Executors.java:511)
	at java.util.concurrent.FutureTask.run(FutureTask.java:266)
	at java.util.concurrent.ThreadPoolExecutor.runWorker(ThreadPoolExecutor.java:1149)
	at java.util.concurrent.ThreadPoolExecutor$Worker.run(ThreadPoolExecutor.java:624)
	at java.lang.Thread.run(Thread.java:748)
